# JRE version: Java(TM) SE Runtime Environment (8.0_65-b17) (build 1.8.0_65-b17)
# Java VM: Java HotSpot(TM) 64-Bit Server VM (25.65-b01 mixed mode bsd-amd64 compressed oops)
Heap:
 PSYoungGen      total 347648K, used 206266K [0x000000076ab00000, 0x0000000781200000, 0x00000007c0000000)
  eden space 327680K, 62% used [0x000000076ab00000,0x000000077746ea00,0x000000077eb00000)
  from space 19968K, 0% used [0x000000077fe80000,0x000000077fe80000,0x0000000781200000)
  to   space 19968K, 0% used [0x000000077eb00000,0x000000077eb00000,0x000000077fe80000)
 ParOldGen       total 169472K, used 36231K [0x00000006c0000000, 0x00000006ca580000, 0x000000076ab00000)
  object space 169472K, 21% used [0x00000006c0000000,0x00000006c2361c08,0x00000006ca580000)
 Metaspace       used 46093K, capacity 49618K, committed 49792K, reserved 1091584K
  class space    used 6331K, capacity 6979K, committed 7040K, reserved 1048576K
GC Heap History (10 events):
Event: 708.975 GC heap before
{Heap before GC invocations=16 (full 4):
 PSYoungGen      total 288256K, used 267235K [0x000000076ab00000, 0x000000077dc00000, 0x00000007c0000000)
  eden space 267264K, 99% used [0x000000076ab00000,0x000000077aff8dc8,0x000000077b000000)
  from space 20992K, 0% used [0x000000077b000000,0x000000077b000000,0x000000077c480000)
  to   space 20992K, 0% used [0x000000077c780000,0x000000077c780000,0x000000077dc00000)
 ParOldGen       total 169472K, used 32007K [0x00000006c0000000, 0x00000006ca580000, 0x000000076ab00000)
  object space 169472K, 18% used [0x00000006c0000000,0x00000006c1f41fa0,0x00000006ca580000)
 Metaspace       used 45474K, capacity 48628K, committed 48896K, reserved 1091584K
  class space    used 6255K, capacity 6833K, committed 6912K, reserved 1048576K
Event: 708.980 GC heap after
Heap after GC invocations=16 (full 4):
 PSYoungGen      total 290304K, used 4927K [0x000000076ab00000, 0x000000077db00000, 0x00000007c0000000)
  eden space 270336K, 0% used [0x000000076ab00000,0x000000076ab00000,0x000000077b300000)
  from space 19968K, 24% used [0x000000077c780000,0x000000077cc4fd28,0x000000077db00000)
  to   space 20480K, 0% used [0x000000077b300000,0x000000077b300000,0x000000077c700000)
 ParOldGen       total 169472K, used 32015K [0x00000006c0000000, 0x00000006ca580000, 0x000000076ab00000)
  object space 169472K, 18% used [0x00000006c0000000,0x00000006c1f43fa0,0x00000006ca580000)
 Metaspace       used 45474K, capacity 48628K, committed 48896K, reserved 1091584K
  class space    used 6255K, capacity 6833K, committed 6912K, reserved 1048576K
}
Event: 708.980 GC heap before
{Heap before GC invocations=17 (full 5):
 PSYoungGen      total 290304K, used 4927K [0x000000076ab00000, 0x000000077db00000, 0x00000007c0000000)
  eden space 270336K, 0% used [0x000000076ab00000,0x000000076ab00000,0x000000077b300000)
  from space 19968K, 24% used [0x000000077c780000,0x000000077cc4fd28,0x000000077db00000)
  to   space 20480K, 0% used [0x000000077b300000,0x000000077b300000,0x000000077c700000)
 ParOldGen       total 169472K, used 32015K [0x00000006c0000000, 0x00000006ca580000, 0x000000076ab00000)
  object space 169472K, 18% used [0x00000006c0000000,0x00000006c1f43fa0,0x00000006ca580000)
 Metaspace       used 45474K, capacity 48628K, committed 48896K, reserved 1091584K
  class space    used 6255K, capacity 6833K, committed 6912K, reserved 1048576K
Event: 709.223 GC heap after
Heap after GC invocations=17 (full 5):
 PSYoungGen      total 290304K, used 0K [0x000000076ab00000, 0x000000077db00000, 0x00000007c0000000)
  eden space 270336K, 0% used [0x000000076ab00000,0x000000076ab00000,0x000000077b300000)
  from space 19968K, 0% used [0x000000077c780000,0x000000077c780000,0x000000077db00000)
  to   space 20480K, 0% used [0x000000077b300000,0x000000077b300000,0x000000077c700000)
 ParOldGen       total 169472K, used 34651K [0x00000006c0000000, 0x00000006ca580000, 0x000000076ab00000)
  object space 169472K, 20% used [0x00000006c0000000,0x00000006c21d6c40,0x00000006ca580000)
 Metaspace       used 45474K, capacity 48628K, committed 48896K, reserved 1091584K
  class space    used 6255K, capacity 6833K, committed 6912K, reserved 1048576K
}
Event: 1244.377 GC heap before
{Heap before GC invocations=18 (full 5):
 PSYoungGen      total 290304K, used 270336K [0x000000076ab00000, 0x000000077db00000, 0x00000007c0000000)
  eden space 270336K, 100% used [0x000000076ab00000,0x000000077b300000,0x000000077b300000)
  from space 19968K, 0% used [0x000000077c780000,0x000000077c780000,0x000000077db00000)
  to   space 20480K, 0% used [0x000000077b300000,0x000000077b300000,0x000000077c700000)
 ParOldGen       total 169472K, used 34651K [0x00000006c0000000, 0x00000006ca580000, 0x000000076ab00000)
  object space 169472K, 20% used [0x00000006c0000000,0x00000006c21d6c40,0x00000006ca580000)
 Metaspace       used 45674K, capacity 49076K, committed 49152K, reserved 1091584K
  class space    used 6287K, capacity 6905K, committed 6912K, reserved 1048576K
Event: 1244.385 GC heap after
Heap after GC invocations=18 (full 5):
 PSYoungGen      total 290816K, used 5489K [0x000000076ab00000, 0x0000000781200000, 0x00000007c0000000)
  eden space 270336K, 0% used [0x000000076ab00000,0x000000076ab00000,0x000000077b300000)
  from space 20480K, 26% used [0x000000077b300000,0x000000077b85c460,0x000000077c700000)
  to   space 19968K, 0% used [0x000000077fe80000,0x000000077fe80000,0x0000000781200000)
 ParOldGen       total 169472K, used 34659K [0x00000006c0000000, 0x00000006ca580000, 0x000000076ab00000)
  object space 169472K, 20% used [0x00000006c0000000,0x00000006c21d8c40,0x00000006ca580000)
 Metaspace       used 45674K, capacity 49076K, committed 49152K, reserved 1091584K
  class space    used 6287K, capacity 6905K, committed 6912K, reserved 1048576K
}
Event: 2624.275 GC heap before
{Heap before GC invocations=19 (full 5):
 PSYoungGen      total 290816K, used 174662K [0x000000076ab00000, 0x0000000781200000, 0x00000007c0000000)
  eden space 270336K, 62% used [0x000000076ab00000,0x0000000775035568,0x000000077b300000)
  from space 20480K, 26% used [0x000000077b300000,0x000000077b85c460,0x000000077c700000)
  to   space 19968K, 0% used [0x000000077fe80000,0x000000077fe80000,0x0000000781200000)
 ParOldGen       total 169472K, used 34659K [0x00000006c0000000, 0x00000006ca580000, 0x000000076ab00000)
  object space 169472K, 20% used [0x00000006c0000000,0x00000006c21d8c40,0x00000006ca580000)
 Metaspace       used 45684K, capacity 49082K, committed 49152K, reserved 1091584K
  class space    used 6288K, capacity 6907K, committed 6912K, reserved 1048576K
Event: 2624.283 GC heap after
Heap after GC invocations=19 (full 5):
 PSYoungGen      total 347648K, used 3539K [0x000000076ab00000, 0x0000000781200000, 0x00000007c0000000)
  eden space 327680K, 0% used [0x000000076ab00000,0x000000076ab00000,0x000000077eb00000)
  from space 19968K, 17% used [0x000000077fe80000,0x00000007801f4c10,0x0000000781200000)
  to   space 19968K, 0% used [0x000000077eb00000,0x000000077eb00000,0x000000077fe80000)
 ParOldGen       total 169472K, used 34667K [0x00000006c0000000, 0x00000006ca580000, 0x000000076ab00000)
  object space 169472K, 20% used [0x00000006c0000000,0x00000006c21dac40,0x00000006ca580000)
 Metaspace       used 45684K, capacity 49082K, committed 49152K, reserved 1091584K
  class space    used 6288K, capacity 6907K, committed 6912K, reserved 1048576K
}
Event: 2624.283 GC heap before
{Heap before GC invocations=20 (full 6):
 PSYoungGen      total 347648K, used 3539K [0x000000076ab00000, 0x0000000781200000, 0x00000007c0000000)
  eden space 327680K, 0% used [0x000000076ab00000,0x000000076ab00000,0x000000077eb00000)
  from space 19968K, 17% used [0x000000077fe80000,0x00000007801f4c10,0x0000000781200000)
  to   space 19968K, 0% used [0x000000077eb00000,0x000000077eb00000,0x000000077fe80000)
 ParOldGen       total 169472K, used 34667K [0x00000006c0000000, 0x00000006ca580000, 0x000000076ab00000)
  object space 169472K, 20% used [0x00000006c0000000,0x00000006c21dac40,0x00000006ca580000)
 Metaspace       used 45684K, capacity 49082K, committed 49152K, reserved 1091584K
  class space    used 6288K, capacity 6907K, committed 6912K, reserved 1048576K
Event: 2624.570 GC heap after
Heap after GC invocations=20 (full 6):
 PSYoungGen      total 347648K, used 0K [0x000000076ab00000, 0x0000000781200000, 0x00000007c0000000)
  eden space 327680K, 0% used [0x000000076ab00000,0x000000076ab00000,0x000000077eb00000)
  from space 19968K, 0% used [0x000000077fe80000,0x000000077fe80000,0x0000000781200000)
  to   space 19968K, 0% used [0x000000077eb00000,0x000000077eb00000,0x000000077fe80000)
 ParOldGen       total 169472K, used 36231K [0x00000006c0000000, 0x00000006ca580000, 0x000000076ab00000)
  object space 169472K, 21% used [0x00000006c0000000,0x00000006c2361c08,0x00000006ca580000)
 Metaspace       used 45684K, capacity 49082K, committed 49152K, reserved 1091584K
  class space    used 6288K, capacity 6907K, committed 6912K, reserved 1048576K
}

